Arguments: 
  /Applications/Framer X.app/Contents/Resources/Node/bin/node /Applications/Framer X.app/Contents/Resources/Server/node_modules/yarn/lib/cli.js outdated --cwd /Users/martinadmin/Library/Autosave Information/Framer-27C98AB0-2D19-4B51-8CAE-F16109AE5EB0/container --skip-integrity-check --cache-folder /Users/martinadmin/Library/Caches/Framer/yarn/cache --mutex file:/Users/martinadmin/Library/Caches/Framer/yarn/mutex --json

PATH: 
  /usr/bin:/bin:/usr/sbin:/sbin

Yarn version: 
  1.9.4

Node version: 
  10.13.0

Platform: 
  darwin x64

Trace: 
  Error: getaddrinfo ENOTFOUND registry.framer.com registry.framer.com:443
      at GetAddrInfoReqWrap.onlookup [as oncomplete] (dns.js:57:26)

npm manifest: 
  {
  	"main": "build/index.js",
  	"license": "MIT",
  	"devDependencies": {
  		"@types/react": "^16.4.16",
  		"framer": "^0.10.1"
  	},
  	"peerDependencies": {
  		"framer": "^0.10.1",
  		"react": "^16.3.0",
  		"react-dom": "^16.3.0"
  	},
  	"framer": {
  		"id": "d8154bac-199e-4eb6-87bd-065a9510e422"
  	},
  	"author": "Martin Sambauer",
  	"dependencies": {
  		"@framer/edoardo.ios-kit": "^1.4.0",
  		"@framer/google.material-design": "^1.0.0",
  		"@framer/kasimir.iphone-and-ipad-kit": "^1.9.0",
  		"@framer/krijn.random-avatar": "^1.5.0",
  		"@framer/northam.animated-vertical-menu": "^1.0.0",
  		"components": "^0.1.0",
  		"react-diversus-flower": "file:/Users/martinadmin/Desktop/Prototype Framer/Prototype Framer/react-diversus-flower",
  		"styled": "^1.0.0"
  	}
  }

yarn manifest: 
  No manifest

Lockfile: 
  # THIS IS AN AUTOGENERATED FILE. DO NOT EDIT THIS FILE DIRECTLY.
  # yarn lockfile v1
  
  
  "@fnando/sparkline@^0.3.10":
    version "0.3.10"
    resolved "https://registry.yarnpkg.com/@fnando/sparkline/-/sparkline-0.3.10.tgz#0cb6549a232af0f19f75b33d38fddd4f5ed9f086"
  
  "@framer/edoardo.ios-kit@^1.4.0":
    version "1.4.0"
    resolved "https://registry.framer.com/@framer/edoardo.ios-kit/-/@framer/edoardo.ios-kit-1.4.0.tgz#4baffb96845b3521edc45c46507761782708532e"
  
  "@framer/google.material-design@^1.0.0":
    version "1.0.0"
    resolved "https://registry.framer.com/@framer/google.material-design/-/@framer/google.material-design-1.0.0.tgz#cc7f1df1783659972bffe7ba0e224489c6cc9113"
    dependencies:
      "@material/button" "^0.39.0"
      "@material/card" "^0.39.0"
      "@material/checkbox" "^0.39.1"
      "@material/fab" "^0.39.0"
      "@material/form-field" "^0.39.1"
      "@material/icon-button" "^0.39.0"
      "@material/react-button" "^0.4.2"
      "@material/react-material-icon" "^0.4.2"
      "@material/react-select" "^0.4.2"
      "@material/react-text-field" "^0.4.2"
      "@material/react-top-app-bar" "^0.4.2"
      "@material/ripple" "^0.39.0"
      "@material/select" "^0.39.1"
      "@material/slider" "^0.39.1"
      "@material/switch" "^0.39.1"
      "@material/textfield" "^0.39.1"
      "@material/typography" "^0.39.0"
      styled-components "^3.4.5"
  
  "@framer/kasimir.iphone-and-ipad-kit@^1.9.0":
    version "1.9.0"
    resolved "https://registry.framer.com/@framer/kasimir.iphone-and-ipad-kit/-/@framer/kasimir.iphone-and-ipad-kit-1.9.0.tgz#99fd4f6e0aeac586e5297044ef533ac73cb14f15"
    dependencies:
      moment "2.22.2"
      react-moment "0.8.1"
  
  "@framer/krijn.random-avatar@^1.5.0":
    version "1.5.0"
    resolved "https://registry.framer.com/@framer/krijn.random-avatar/-/@framer/krijn.random-avatar-1.5.0.tgz#7cb68c94043fee29ec45ed45c4f68c164f2e376c"
  
  "@framer/northam.animated-vertical-menu@^1.0.0":
    version "1.0.0"
    resolved "https://registry.framer.com/@framer/northam.animated-vertical-menu/-/@framer/northam.animated-vertical-menu-1.0.0.tgz#aae515710c646c497155b8a7fb6dc3eca3e2c10f"
  
  "@material/animation@^0.34.0":
    version "0.34.0"
    resolved "http://registry.npmjs.org/@material/animation/-/animation-0.34.0.tgz#a99cc9dabf7d0179b4da9a0aaa1575c4d1513823"
  
  "@material/animation@^0.39.0":
    version "0.39.0"
    resolved "https://registry.yarnpkg.com/@material/animation/-/animation-0.39.0.tgz#d3d503c9f87ac1193dc4a5b0cccfaedb39478439"
  
  "@material/base@^0.35.0":
    version "0.35.0"
    resolved "https://registry.yarnpkg.com/@material/base/-/base-0.35.0.tgz#8640c2da385e8cc393ff56153c5a319f5a7704cb"
  
  "@material/base@^0.39.0":
    version "0.39.0"
    resolved "https://registry.yarnpkg.com/@material/base/-/base-0.39.0.tgz#ca451531cf438f51bf999ad7b96b5e8f3929e19a"
  
  "@material/button@^0.38.1":
    version "0.38.1"
    resolved "https://registry.yarnpkg.com/@material/button/-/button-0.38.1.tgz#006fac3c4b11d4731f86b60994ad38ddfc29fca2"
    dependencies:
      "@material/elevation" "^0.38.0"
      "@material/ripple" "^0.38.1"
      "@material/rtl" "^0.36.0"
      "@material/theme" "^0.38.0"
      "@material/typography" "^0.38.0"
  
  "@material/button@^0.39.0":
    version "0.39.3"
    resolved "https://registry.yarnpkg.com/@material/button/-/button-0.39.3.tgz#f2aaaac96932deeb692379a2379eca6eced918ac"
    dependencies:
      "@material/elevation" "^0.39.1"
      "@material/ripple" "^0.39.3"
      "@material/rtl" "^0.39.1"
      "@material/theme" "^0.39.1"
      "@material/typography" "^0.39.0"
  
  "@material/card@^0.39.0":
    version "0.39.3"
    resolved "https://registry.yarnpkg.com/@material/card/-/card-0.39.3.tgz#bd66454ce3560adb9554b15a9e4d2284f17b9af5"
    dependencies:
      "@material/elevation" "^0.39.1"
      "@material/ripple" "^0.39.3"
      "@material/rtl" "^0.39.1"
      "@material/theme" "^0.39.1"
  
  "@material/checkbox@^0.39.1":
    version "0.39.3"
    resolved "https://registry.yarnpkg.com/@material/checkbox/-/checkbox-0.39.3.tgz#4be6bffbe0b6bfcd987bbe9567d17a17738af9fa"
    dependencies:
      "@material/animation" "^0.39.0"
      "@material/base" "^0.39.0"
      "@material/ripple" "^0.39.3"
      "@material/rtl" "^0.39.1"
      "@material/selection-control" "^0.39.3"
      "@material/theme" "^0.39.1"
  
  "@material/elevation@^0.38.0":
    version "0.38.0"
    resolved "https://registry.yarnpkg.com/@material/elevation/-/elevation-0.38.0.tgz#c7f8d0c9a28073b0ec62cb76248b76d5ff467bf8"
    dependencies:
      "@material/animation" "^0.34.0"
      "@material/theme" "^0.38.0"
  
  "@material/elevation@^0.39.1":
    version "0.39.1"
    resolved "https://registry.yarnpkg.com/@material/elevation/-/elevation-0.39.1.tgz#43bb1fe6a0f71332ae11dc18505a8b7cec343dde"
    dependencies:
      "@material/animation" "^0.39.0"
      "@material/theme" "^0.39.1"
  
  "@material/fab@^0.39.0":
    version "0.39.3"
    resolved "https://registry.yarnpkg.com/@material/fab/-/fab-0.39.3.tgz#bb38c5af34528afefb08e159bf6db7b8ee14e391"
    dependencies:
      "@material/animation" "^0.39.0"
      "@material/elevation" "^0.39.1"
      "@material/ripple" "^0.39.3"
      "@material/rtl" "^0.39.1"
      "@material/theme" "^0.39.1"
      "@material/typography" "^0.39.0"
  
  "@material/floating-label@^0.38.0":
    version "0.38.0"
    resolved "https://registry.yarnpkg.com/@material/floating-label/-/floating-label-0.38.0.tgz#557771f8b9d05d0cd7ec6b3bb13ebb0d24d65ab5"
    dependencies:
      "@material/base" "^0.35.0"
      "@material/rtl" "^0.36.0"
      "@material/theme" "^0.38.0"
      "@material/typography" "^0.38.0"
  
  "@material/floating-label@^0.39.1":
    version "0.39.1"
    resolved "https://registry.yarnpkg.com/@material/floating-label/-/floating-label-0.39.1.tgz#8e5f2144460086ee8d586d6715cf0ed1707d3406"
    dependencies:
      "@material/base" "^0.39.0"
      "@material/rtl" "^0.39.1"
      "@material/theme" "^0.39.1"
      "@material/typography" "^0.39.0"
  
  "@material/form-field@^0.39.1":
    version "0.39.3"
    resolved "https://registry.yarnpkg.com/@material/form-field/-/form-field-0.39.3.tgz#bbd149a526bb0c297357d046662be5731d430350"
    dependencies:
      "@material/base" "^0.39.0"
      "@material/rtl" "^0.39.1"
      "@material/selection-control" "^0.39.3"
      "@material/theme" "^0.39.1"
      "@material/typography" "^0.39.0"
  
  "@material/icon-button@^0.39.0":
    version "0.39.3"
    resolved "https://registry.yarnpkg.com/@material/icon-button/-/icon-button-0.39.3.tgz#389fb123c0c0923e05f6e6a6621b8f334fae4ce2"
    dependencies:
      "@material/base" "^0.39.0"
      "@material/ripple" "^0.39.3"
      "@material/theme" "^0.39.1"
  
  "@material/line-ripple@^0.38.0":
    version "0.38.0"
    resolved "https://registry.yarnpkg.com/@material/line-ripple/-/line-ripple-0.38.0.tgz#e70fec82bfd0b718efcbc72c52210e45bd31bcf9"
    dependencies:
      "@material/animation" "^0.34.0"
      "@material/base" "^0.35.0"
      "@material/theme" "^0.38.0"
  
  "@material/line-ripple@^0.39.3":
    version "0.39.3"
    resolved "https://registry.yarnpkg.com/@material/line-ripple/-/line-ripple-0.39.3.tgz#4db9d5ea56f5a4745704627d1e96008716fa471e"
    dependencies:
      "@material/animation" "^0.39.0"
      "@material/base" "^0.39.0"
      "@material/theme" "^0.39.1"
  
  "@material/notched-outline@^0.38.0":
    version "0.38.0"
    resolved "https://registry.yarnpkg.com/@material/notched-outline/-/notched-outline-0.38.0.tgz#75ae05a79cdd6a3761d8ddf3afd763c1450c22c8"
    dependencies:
      "@material/animation" "^0.34.0"
      "@material/base" "^0.35.0"
      "@material/theme" "^0.38.0"
  
  "@material/notched-outline@^0.39.1":
    version "0.39.1"
    resolved "https://registry.yarnpkg.com/@material/notched-outline/-/notched-outline-0.39.1.tgz#bd6d5adc2a0c5f63bb1ab4e1db7d43f37e488fa9"
    dependencies:
      "@material/animation" "^0.39.0"
      "@material/base" "^0.39.0"
      "@material/rtl" "^0.39.1"
      "@material/theme" "^0.39.1"
  
  "@material/react-button@^0.4.2":
    version "0.4.2"
    resolved "https://registry.yarnpkg.com/@material/react-button/-/react-button-0.4.2.tgz#55f617f8a3aa589d1b0435e94ca603bf91c53e84"
    dependencies:
      "@material/button" "^0.38.1"
      "@material/react-ripple" "^0.4.2"
      classnames "^2.2.5"
      prop-types "^15.6.1"
      react "^16.3.2"
  
  "@material/react-floating-label@^0.4.1":
    version "0.4.1"
    resolved "https://registry.yarnpkg.com/@material/react-floating-label/-/react-floating-label-0.4.1.tgz#a17f1eb74b53b860c385c1bc15378022d2628841"
    dependencies:
      "@material/floating-label" "^0.38.0"
      classnames "^2.2.5"
      prop-types "^15.6.1"
      react "^16.3.0"
  
  "@material/react-line-ripple@^0.4.1":
    version "0.4.1"
    resolved "https://registry.yarnpkg.com/@material/react-line-ripple/-/react-line-ripple-0.4.1.tgz#4e07014c980f45a4c7212cd04f835b5ef4823c93"
    dependencies:
      "@material/line-ripple" "^0.38.0"
      classnames "^2.2.5"
      prop-types "^15.6.1"
      react "^16.3.2"
  
  "@material/react-material-icon@^0.4.2":
    version "0.4.2"
    resolved "https://registry.yarnpkg.com/@material/react-material-icon/-/react-material-icon-0.4.2.tgz#a532c0739bed3c7fea9624fa9661659f9ef997db"
    dependencies:
      "@material/react-ripple" "^0.4.2"
      classnames "^2.2.5"
      prop-types "^15.6.1"
      react "^16.3.2"
  
  "@material/react-notched-outline@^0.4.1":
    version "0.4.1"
    resolved "https://registry.yarnpkg.com/@material/react-notched-outline/-/react-notched-outline-0.4.1.tgz#3da419cb89e68fea8ca30ff2dba901657e974c97"
    dependencies:
      "@material/notched-outline" "^0.38.0"
      classnames "^2.2.5"
      prop-types "^15.6.1"
      react "^16.3.2"
  
  "@material/react-ripple@^0.4.2":
    version "0.4.2"
    resolved "https://registry.yarnpkg.com/@material/react-ripple/-/react-ripple-0.4.2.tgz#1e57d42617433cc9f8955ac049367418a10410f0"
    dependencies:
      "@material/ripple" "^0.38.1"
      classnames "^2.2.5"
      prop-types "^15.6.1"
      react "^16.3.2"
  
  "@material/react-select@^0.4.2":
    version "0.4.2"
    resolved "https://registry.yarnpkg.com/@material/react-select/-/react-select-0.4.2.tgz#1a33be24a4adf13c0a21563b07022af3b861865e"
    dependencies:
      "@material/react-floating-label" "^0.4.1"
      "@material/react-line-ripple" "^0.4.1"
      "@material/react-notched-outline" "^0.4.1"
      "@material/select" "^0.38.1"
      classnames "^2.2.5"
      prop-types "^15.6.1"
      react "^16.3.2"
  
  "@material/react-text-field@^0.4.2":
    version "0.4.2"
    resolved "https://registry.yarnpkg.com/@material/react-text-field/-/react-text-field-0.4.2.tgz#909bb34054cc9c35468fde222ea81ec07032ed3a"
    dependencies:
      "@material/react-floating-label" "^0.4.1"
      "@material/react-line-ripple" "^0.4.1"
      "@material/react-notched-outline" "^0.4.1"
      "@material/textfield" "^0.38.1"
      classnames "^2.2.5"
      prop-types "^15.6.1"
      react "^16.3.2"
  
  "@material/react-top-app-bar@^0.4.2":
    version "0.4.2"
    resolved "https://registry.yarnpkg.com/@material/react-top-app-bar/-/react-top-app-bar-0.4.2.tgz#54254b1fab7860a9881d690fe55c03490ac7a1d0"
    dependencies:
      "@material/top-app-bar" "^0.38.1"
      classnames "^2.2.5"
      prop-types "^15.6.1"
      react "^16.3.2"
  
  "@material/ripple@^0.38.1":
    version "0.38.1"
    resolved "https://registry.yarnpkg.com/@material/ripple/-/ripple-0.38.1.tgz#74e61ed28e7680e0fd990fa50fa1949da456b3cb"
    dependencies:
      "@material/animation" "^0.34.0"
      "@material/base" "^0.35.0"
      "@material/theme" "^0.38.0"
  
  "@material/ripple@^0.39.0", "@material/ripple@^0.39.3":
    version "0.39.3"
    resolved "https://registry.yarnpkg.com/@material/ripple/-/ripple-0.39.3.tgz#4ff7a8fec5d5206f0da72a78d026529b53b7d564"
    dependencies:
      "@material/animation" "^0.39.0"
      "@material/base" "^0.39.0"
      "@material/theme" "^0.39.1"
  
  "@material/rtl@^0.36.0":
    version "0.36.0"
    resolved "https://registry.yarnpkg.com/@material/rtl/-/rtl-0.36.0.tgz#a81b587981dc6e09f51e26da8a7447f89358ccd5"
  
  "@material/rtl@^0.39.1":
    version "0.39.1"
    resolved "https://registry.yarnpkg.com/@material/rtl/-/rtl-0.39.1.tgz#dcaf6f93fc6cd540137edb352139dc8139bca436"
  
  "@material/select@^0.38.1":
    version "0.38.1"
    resolved "https://registry.yarnpkg.com/@material/select/-/select-0.38.1.tgz#149c1ddf5146dd6cec052e06b41638b28c7085ea"
    dependencies:
      "@material/animation" "^0.34.0"
      "@material/base" "^0.35.0"
      "@material/floating-label" "^0.38.0"
      "@material/line-ripple" "^0.38.0"
      "@material/notched-outline" "^0.38.0"
      "@material/ripple" "^0.38.1"
      "@material/rtl" "^0.36.0"
      "@material/theme" "^0.38.0"
      "@material/typography" "^0.38.0"
  
  "@material/select@^0.39.1":
    version "0.39.3"
    resolved "https://registry.yarnpkg.com/@material/select/-/select-0.39.3.tgz#d4766ec463b00ded2c6424566fb824155d6efe8c"
    dependencies:
      "@material/animation" "^0.39.0"
      "@material/base" "^0.39.0"
      "@material/floating-label" "^0.39.1"
      "@material/line-ripple" "^0.39.3"
      "@material/notched-outline" "^0.39.1"
      "@material/ripple" "^0.39.3"
      "@material/rtl" "^0.39.1"
      "@material/theme" "^0.39.1"
      "@material/typography" "^0.39.0"
  
  "@material/selection-control@^0.39.3":
    version "0.39.3"
    resolved "https://registry.yarnpkg.com/@material/selection-control/-/selection-control-0.39.3.tgz#2ccdb4e07a7446e462ead824796a8ef18cc27720"
    dependencies:
      "@material/ripple" "^0.39.3"
  
  "@material/slider@^0.39.1":
    version "0.39.1"
    resolved "https://registry.yarnpkg.com/@material/slider/-/slider-0.39.1.tgz#3662f8a3bc9ae353d77b70ee921063162e03a255"
    dependencies:
      "@material/animation" "^0.39.0"
      "@material/base" "^0.39.0"
      "@material/rtl" "^0.39.1"
      "@material/theme" "^0.39.1"
  
  "@material/switch@^0.39.1":
    version "0.39.3"
    resolved "https://registry.yarnpkg.com/@material/switch/-/switch-0.39.3.tgz#c7afdd2f13747e97ee3a7f223cedce84fe940fc1"
    dependencies:
      "@material/animation" "^0.39.0"
      "@material/base" "^0.39.0"
      "@material/elevation" "^0.39.1"
      "@material/ripple" "^0.39.3"
      "@material/rtl" "^0.39.1"
      "@material/selection-control" "^0.39.3"
      "@material/theme" "^0.39.1"
  
  "@material/textfield@^0.38.1":
    version "0.38.1"
    resolved "https://registry.yarnpkg.com/@material/textfield/-/textfield-0.38.1.tgz#f0dc2d7b534a51845a84f71fbd8199b6cc0b5130"
    dependencies:
      "@material/animation" "^0.34.0"
      "@material/base" "^0.35.0"
      "@material/floating-label" "^0.38.0"
      "@material/line-ripple" "^0.38.0"
      "@material/notched-outline" "^0.38.0"
      "@material/ripple" "^0.38.1"
      "@material/rtl" "^0.36.0"
      "@material/theme" "^0.38.0"
      "@material/typography" "^0.38.0"
  
  "@material/textfield@^0.39.1":
    version "0.39.3"
    resolved "https://registry.yarnpkg.com/@material/textfield/-/textfield-0.39.3.tgz#38520fad2615cceb0406d6e9b28f3afee749d7b1"
    dependencies:
      "@material/animation" "^0.39.0"
      "@material/base" "^0.39.0"
      "@material/floating-label" "^0.39.1"
      "@material/line-ripple" "^0.39.3"
      "@material/notched-outline" "^0.39.1"
      "@material/ripple" "^0.39.3"
      "@material/rtl" "^0.39.1"
      "@material/theme" "^0.39.1"
      "@material/typography" "^0.39.0"
  
  "@material/theme@^0.38.0":
    version "0.38.0"
    resolved "https://registry.yarnpkg.com/@material/theme/-/theme-0.38.0.tgz#c1a2247eba4af2ba47da4456921ab420869fda55"
  
  "@material/theme@^0.39.1":
    version "0.39.1"
    resolved "https://registry.yarnpkg.com/@material/theme/-/theme-0.39.1.tgz#5fb160222e2b213628b285af26ca65c6f4327fe5"
  
  "@material/top-app-bar@^0.38.1":
    version "0.38.1"
    resolved "https://registry.yarnpkg.com/@material/top-app-bar/-/top-app-bar-0.38.1.tgz#e3dd6fa59c9510c99d311840272f6b93fca62e08"
    dependencies:
      "@material/animation" "^0.34.0"
      "@material/base" "^0.35.0"
      "@material/elevation" "^0.38.0"
      "@material/ripple" "^0.38.1"
      "@material/rtl" "^0.36.0"
      "@material/theme" "^0.38.0"
      "@material/typography" "^0.38.0"
  
  "@material/typography@^0.38.0":
    version "0.38.0"
    resolved "https://registry.yarnpkg.com/@material/typography/-/typography-0.38.0.tgz#fff8e4f25c5ef7b0afb5ed414bc700981e431703"
  
  "@material/typography@^0.39.0":
    version "0.39.0"
    resolved "https://registry.yarnpkg.com/@material/typography/-/typography-0.39.0.tgz#7d7468673e104609d926528ffe5571cfd44d8c3c"
  
  "@types/prop-types@*":
    version "15.5.6"
    resolved "https://registry.yarnpkg.com/@types/prop-types/-/prop-types-15.5.6.tgz#9c03d3fed70a8d517c191b7734da2879b50ca26c"
  
  "@types/react@^16.4.16":
    version "16.4.16"
    resolved "https://registry.yarnpkg.com/@types/react/-/react-16.4.16.tgz#99f91b1200ae8c2062030402006d3b3c3a177043"
    dependencies:
      "@types/prop-types" "*"
      csstype "^2.2.0"
  
  abbrev@1:
    version "1.1.1"
    resolved "https://registry.yarnpkg.com/abbrev/-/abbrev-1.1.1.tgz#f8f2c887ad10bf67f634f005b6987fed3179aac8"
  
  ansi-regex@^2.0.0:
    version "2.1.1"
    resolved "https://registry.yarnpkg.com/ansi-regex/-/ansi-regex-2.1.1.tgz#c3b33ab5ee360d86e0e628f0468ae7ef27d654df"
  
  ansi-regex@^3.0.0:
    version "3.0.0"
    resolved "https://registry.yarnpkg.com/ansi-regex/-/ansi-regex-3.0.0.tgz#ed0317c322064f79466c02966bddb605ab37d998"
  
  aproba@^1.0.3:
    version "1.2.0"
    resolved "https://registry.yarnpkg.com/aproba/-/aproba-1.2.0.tgz#6802e6264efd18c790a1b0d517f0f2627bf2c94a"
  
  are-we-there-yet@~1.1.2:
    version "1.1.5"
    resolved "https://registry.yarnpkg.com/are-we-there-yet/-/are-we-there-yet-1.1.5.tgz#4b35c2944f062a8bfcda66410760350fe9ddfc21"
    dependencies:
      delegates "^1.0.0"
      readable-stream "^2.0.6"
  
  asap@~2.0.3:
    version "2.0.6"
    resolved "https://registry.yarnpkg.com/asap/-/asap-2.0.6.tgz#e50347611d7e690943208bbdafebcbc2fb866d46"
  
  async@>=0.1.15:
    version "2.6.1"
    resolved "https://registry.yarnpkg.com/async/-/async-2.6.1.tgz#b245a23ca71930044ec53fa46aa00a3e87c6a610"
    dependencies:
      lodash "^4.17.10"
  
  async@~0.2.9:
    version "0.2.10"
    resolved "https://registry.yarnpkg.com/async/-/async-0.2.10.tgz#b6bbe0b0674b9d719708ca38de8c237cb526c3d1"
  
  balanced-match@^1.0.0:
    version "1.0.0"
    resolved "https://registry.yarnpkg.com/balanced-match/-/balanced-match-1.0.0.tgz#89b4d199ab2bee49de164ea02b89ce462d71b767"
  
  base64-js@^1.0.2:
    version "1.3.0"
    resolved "https://registry.yarnpkg.com/base64-js/-/base64-js-1.3.0.tgz#cab1e6118f051095e58b5281aea8c1cd22bfc0e3"
  
  bindings@^1.3.0:
    version "1.3.1"
    resolved "https://registry.yarnpkg.com/bindings/-/bindings-1.3.1.tgz#21fc7c6d67c18516ec5aaa2815b145ff77b26ea5"
  
  brace-expansion@^1.1.7:
    version "1.1.11"
    resolved "https://registry.yarnpkg.com/brace-expansion/-/brace-expansion-1.1.11.tgz#3c7fcbf529d87226f3d2f52b966ff5271eb441dd"
    dependencies:
      balanced-match "^1.0.0"
      concat-map "0.0.1"
  
  buffer@^5.0.3:
    version "5.2.1"
    resolved "https://registry.yarnpkg.com/buffer/-/buffer-5.2.1.tgz#dd57fa0f109ac59c602479044dca7b8b3d0b71d6"
    dependencies:
      base64-js "^1.0.2"
      ieee754 "^1.1.4"
  
  chownr@^1.1.1:
    version "1.1.1"
    resolved "https://registry.yarnpkg.com/chownr/-/chownr-1.1.1.tgz#54726b8b8fff4df053c42187e801fb4412df1494"
  
  classnames@^2.2.5:
    version "2.2.6"
    resolved "https://registry.yarnpkg.com/classnames/-/classnames-2.2.6.tgz#43935bffdd291f326dad0a205309b38d00f650ce"
  
  code-point-at@^1.0.0:
    version "1.1.0"
    resolved "https://registry.yarnpkg.com/code-point-at/-/code-point-at-1.1.0.tgz#0d070b4d043a5bea33a2f1a40e2edb3d9a4ccf77"
  
  coffee-script@>=1.0.1:
    version "1.12.7"
    resolved "https://registry.yarnpkg.com/coffee-script/-/coffee-script-1.12.7.tgz#c05dae0cb79591d05b3070a8433a98c9a89ccc53"
  
  coffee-script@~1.7.1:
    version "1.7.1"
    resolved "https://registry.yarnpkg.com/coffee-script/-/coffee-script-1.7.1.tgz#62996a861780c75e6d5069d13822723b73404bfc"
    dependencies:
      mkdirp "~0.3.5"
  
  commander@2:
    version "2.19.0"
    resolved "https://registry.yarnpkg.com/commander/-/commander-2.19.0.tgz#f6198aa84e5b83c46054b94ddedbfed5ee9ff12a"
  
  "components-jqueryui@git://github.com/components/jqueryui.git":
    version "1.12.1"
    resolved "git://github.com/components/jqueryui.git#44ecf3794cc56b65954cc19737234a3119d036cc"
  
  components@^0.1.0:
    version "0.1.0"
    resolved "https://registry.yarnpkg.com/components/-/components-0.1.0.tgz#2057c08e9c7bf2662feec95c49e5ff2a9ab85ed5"
  
  concat-map@0.0.1:
    version "0.0.1"
    resolved "https://registry.yarnpkg.com/concat-map/-/concat-map-0.0.1.tgz#d8a96bd77fd68df7793a73036a3ba0d5405d477b"
  
  connect@1.x:
    version "1.9.2"
    resolved "https://registry.yarnpkg.com/connect/-/connect-1.9.2.tgz#42880a22e9438ae59a8add74e437f58ae8e52807"
    dependencies:
      formidable "1.0.x"
      mime ">= 0.0.1"
      qs ">= 0.4.0"
  
  console-control-strings@^1.0.0, console-control-strings@~1.1.0:
    version "1.1.0"
    resolved "https://registry.yarnpkg.com/console-control-strings/-/console-control-strings-1.1.0.tgz#3d7cf4464db6446ea644bf4b39507f9851008e8e"
  
  core-js@^1.0.0:
    version "1.2.7"
    resolved "https://registry.yarnpkg.com/core-js/-/core-js-1.2.7.tgz#652294c14651db28fa93bd2d5ff2983a4f08c636"
  
  core-util-is@~1.0.0:
    version "1.0.2"
    resolved "https://registry.yarnpkg.com/core-util-is/-/core-util-is-1.0.2.tgz#b5fd54220aa2bc5ab57aab7140c940754503c1a7"
  
  css-color-keywords@^1.0.0:
    version "1.0.0"
    resolved "https://registry.yarnpkg.com/css-color-keywords/-/css-color-keywords-1.0.0.tgz#fea2616dc676b2962686b3af8dbdbe180b244e05"
  
  css-to-react-native@^2.0.3:
    version "2.2.2"
    resolved "https://registry.yarnpkg.com/css-to-react-native/-/css-to-react-native-2.2.2.tgz#c077d0f7bf3e6c915a539e7325821c9dd01f9965"
    dependencies:
      css-color-keywords "^1.0.0"
      fbjs "^0.8.5"
      postcss-value-parser "^3.3.0"
  
  csstype@^2.2.0:
    version "2.5.5"
    resolved "https://registry.yarnpkg.com/csstype/-/csstype-2.5.5.tgz#4125484a3d42189a863943f23b9e4b80fedfa106"
  
  d3-array@1, d3-array@^1.1.1, d3-array@^1.2.0:
    version "1.2.4"
    resolved "https://registry.yarnpkg.com/d3-array/-/d3-array-1.2.4.tgz#635ce4d5eea759f6f605863dbcfc30edc737f71f"
  
  d3-axis@1:
    version "1.0.12"
    resolved "https://registry.yarnpkg.com/d3-axis/-/d3-axis-1.0.12.tgz#cdf20ba210cfbb43795af33756886fb3638daac9"
  
  d3-brush@1:
    version "1.0.6"
    resolved "https://registry.yarnpkg.com/d3-brush/-/d3-brush-1.0.6.tgz#33691f2032d9db6c5d8cb684ff255a9883629e21"
    dependencies:
      d3-dispatch "1"
      d3-drag "1"
      d3-interpolate "1"
      d3-selection "1"
      d3-transition "1"
  
  d3-chord@1:
    version "1.0.6"
    resolved "https://registry.yarnpkg.com/d3-chord/-/d3-chord-1.0.6.tgz#309157e3f2db2c752f0280fedd35f2067ccbb15f"
    dependencies:
      d3-array "1"
      d3-path "1"
  
  d3-collection@1:
    version "1.0.7"
    resolved "https://registry.yarnpkg.com/d3-collection/-/d3-collection-1.0.7.tgz#349bd2aa9977db071091c13144d5e4f16b5b310e"
  
  d3-color@1:
    version "1.2.3"
    resolved "https://registry.yarnpkg.com/d3-color/-/d3-color-1.2.3.tgz#6c67bb2af6df3cc8d79efcc4d3a3e83e28c8048f"
  
  d3-contour@1:
    version "1.3.2"
    resolved "https://registry.yarnpkg.com/d3-contour/-/d3-contour-1.3.2.tgz#652aacd500d2264cb3423cee10db69f6f59bead3"
    dependencies:
      d3-array "^1.1.1"
  
  d3-dispatch@1:
    version "1.0.5"
    resolved "https://registry.yarnpkg.com/d3-dispatch/-/d3-dispatch-1.0.5.tgz#e25c10a186517cd6c82dd19ea018f07e01e39015"
  
  d3-drag@1:
    version "1.2.3"
    resolved "https://registry.yarnpkg.com/d3-drag/-/d3-drag-1.2.3.tgz#46e206ad863ec465d88c588098a1df444cd33c64"
    dependencies:
      d3-dispatch "1"
      d3-selection "1"
  
  d3-dsv@1:
    version "1.0.10"
    resolved "https://registry.yarnpkg.com/d3-dsv/-/d3-dsv-1.0.10.tgz#4371c489a2a654a297aca16fcaf605a6f31a6f51"
    dependencies:
      commander "2"
      iconv-lite "0.4"
      rw "1"
  
  d3-ease@1:
    version "1.0.5"
    resolved "https://registry.yarnpkg.com/d3-ease/-/d3-ease-1.0.5.tgz#8ce59276d81241b1b72042d6af2d40e76d936ffb"
  
  d3-fetch@1:
    version "1.1.2"
    resolved "https://registry.yarnpkg.com/d3-fetch/-/d3-fetch-1.1.2.tgz#957c8fbc6d4480599ba191b1b2518bf86b3e1be2"
    dependencies:
      d3-dsv "1"
  
  d3-force@1:
    version "1.1.2"
    resolved "https://registry.yarnpkg.com/d3-force/-/d3-force-1.1.2.tgz#16664d0ac71d8727ef5effe0b374feac8050d6cd"
    dependencies:
      d3-collection "1"
      d3-dispatch "1"
      d3-quadtree "1"
      d3-timer "1"
  
  d3-format@1:
    version "1.3.2"
    resolved "https://registry.yarnpkg.com/d3-format/-/d3-format-1.3.2.tgz#6a96b5e31bcb98122a30863f7d92365c00603562"
  
  d3-geo@1:
    version "1.11.3"
    resolved "https://registry.yarnpkg.com/d3-geo/-/d3-geo-1.11.3.tgz#5bb08388f45e4b281491faa72d3abd43215dbd1c"
    dependencies:
      d3-array "1"
  
  d3-hierarchy@1:
    version "1.1.8"
    resolved "https://registry.yarnpkg.com/d3-hierarchy/-/d3-hierarchy-1.1.8.tgz#7a6317bd3ed24e324641b6f1e76e978836b008cc"
  
  d3-interpolate@1:
    version "1.3.2"
    resolved "https://registry.yarnpkg.com/d3-interpolate/-/d3-interpolate-1.3.2.tgz#417d3ebdeb4bc4efcc8fd4361c55e4040211fd68"
    dependencies:
      d3-color "1"
  
  d3-path@1:
    version "1.0.7"
    resolved "https://registry.yarnpkg.com/d3-path/-/d3-path-1.0.7.tgz#8de7cd693a75ac0b5480d3abaccd94793e58aae8"
  
  d3-polygon@1:
    version "1.0.5"
    resolved "https://registry.yarnpkg.com/d3-polygon/-/d3-polygon-1.0.5.tgz#9a645a0a64ff6cbf9efda96ee0b4a6909184c363"
  
  d3-quadtree@1:
    version "1.0.5"
    resolved "https://registry.yarnpkg.com/d3-quadtree/-/d3-quadtree-1.0.5.tgz#305394840b01f51a341a0da5008585e837fe7e9b"
  
  d3-random@1:
    version "1.1.2"
    resolved "https://registry.yarnpkg.com/d3-random/-/d3-random-1.1.2.tgz#2833be7c124360bf9e2d3fd4f33847cfe6cab291"
  
  d3-scale-chromatic@1:
    version "1.3.3"
    resolved "https://registry.yarnpkg.com/d3-scale-chromatic/-/d3-scale-chromatic-1.3.3.tgz#dad4366f0edcb288f490128979c3c793583ed3c0"
    dependencies:
      d3-color "1"
      d3-interpolate "1"
  
  d3-scale@2:
    version "2.1.2"
    resolved "https://registry.yarnpkg.com/d3-scale/-/d3-scale-2.1.2.tgz#4e932b7b60182aee9073ede8764c98423e5f9a94"
    dependencies:
      d3-array "^1.2.0"
      d3-collection "1"
      d3-format "1"
      d3-interpolate "1"
      d3-time "1"
      d3-time-format "2"
  
  d3-selection@1, d3-selection@^1.1.0:
    version "1.3.2"
    resolved "https://registry.yarnpkg.com/d3-selection/-/d3-selection-1.3.2.tgz#6e70a9df60801c8af28ac24d10072d82cbfdf652"
  
  d3-shape@1:
    version "1.2.2"
    resolved "https://registry.yarnpkg.com/d3-shape/-/d3-shape-1.2.2.tgz#f9dba3777a5825f9a8ce8bc928da08c17679e9a7"
    dependencies:
      d3-path "1"
  
  d3-time-format@2:
    version "2.1.3"
    resolved "https://registry.yarnpkg.com/d3-time-format/-/d3-time-format-2.1.3.tgz#ae06f8e0126a9d60d6364eac5b1533ae1bac826b"
    dependencies:
      d3-time "1"
  
  d3-time@1:
    version "1.0.10"
    resolved "https://registry.yarnpkg.com/d3-time/-/d3-time-1.0.10.tgz#8259dd71288d72eeacfd8de281c4bf5c7393053c"
  
  d3-timer@1:
    version "1.0.9"
    resolved "https://registry.yarnpkg.com/d3-timer/-/d3-timer-1.0.9.tgz#f7bb8c0d597d792ff7131e1c24a36dd471a471ba"
  
  d3-transition@1:
    version "1.1.3"
    resolved "https://registry.yarnpkg.com/d3-transition/-/d3-transition-1.1.3.tgz#3a435b05ce9cef9524fe0d38121cfb6905331ca6"
    dependencies:
      d3-color "1"
      d3-dispatch "1"
      d3-ease "1"
      d3-interpolate "1"
      d3-selection "^1.1.0"
      d3-timer "1"
  
  d3-voronoi@1:
    version "1.1.4"
    resolved "https://registry.yarnpkg.com/d3-voronoi/-/d3-voronoi-1.1.4.tgz#dd3c78d7653d2bb359284ae478645d95944c8297"
  
  d3-zoom@1:
    version "1.7.3"
    resolved "https://registry.yarnpkg.com/d3-zoom/-/d3-zoom-1.7.3.tgz#f444effdc9055c38077c4299b4df999eb1d47ccb"
    dependencies:
      d3-dispatch "1"
      d3-drag "1"
      d3-interpolate "1"
      d3-selection "1"
      d3-transition "1"
  
  d3@^5.7.0:
    version "5.7.0"
    resolved "https://registry.yarnpkg.com/d3/-/d3-5.7.0.tgz#f189d338bdde62acf02f308918e0ec34dd7568f9"
    dependencies:
      d3-array "1"
      d3-axis "1"
      d3-brush "1"
      d3-chord "1"
      d3-collection "1"
      d3-color "1"
      d3-contour "1"
      d3-dispatch "1"
      d3-drag "1"
      d3-dsv "1"
      d3-ease "1"
      d3-fetch "1"
      d3-force "1"
      d3-format "1"
      d3-geo "1"
      d3-hierarchy "1"
      d3-interpolate "1"
      d3-path "1"
      d3-polygon "1"
      d3-quadtree "1"
      d3-random "1"
      d3-scale "2"
      d3-scale-chromatic "1"
      d3-selection "1"
      d3-shape "1"
      d3-time "1"
      d3-time-format "2"
      d3-timer "1"
      d3-transition "1"
      d3-voronoi "1"
      d3-zoom "1"
  
  debug@^2.1.2:
    version "2.6.9"
    resolved "https://registry.yarnpkg.com/debug/-/debug-2.6.9.tgz#5d128515df134ff327e90a4c93f4e077a536341f"
    dependencies:
      ms "2.0.0"
  
  deep-extend@^0.6.0:
    version "0.6.0"
    resolved "https://registry.yarnpkg.com/deep-extend/-/deep-extend-0.6.0.tgz#c4fa7c95404a17a9c3e8ca7e1537312b736330ac"
  
  delegates@^1.0.0:
    version "1.0.0"
    resolved "https://registry.yarnpkg.com/delegates/-/delegates-1.0.0.tgz#84c6e159b81904fdca59a0ef44cd870d31250f9a"
  
  detect-libc@^1.0.2:
    version "1.0.3"
    resolved "https://registry.yarnpkg.com/detect-libc/-/detect-libc-1.0.3.tgz#fa137c4bd698edf55cd5cd02ac559f91a4c4ba9b"
  
  eco@1.1.0-rc-1:
    version "1.1.0-rc-1"
    resolved "https://registry.yarnpkg.com/eco/-/eco-1.1.0-rc-1.tgz#93dad03fc84affd3eff7d5d30bf68daafcd5e702"
    dependencies:
      coffee-script ">=1.0.1"
      strscan ">=1.0.1"
  
  encoding@^0.1.11:
    version "0.1.12"
    resolved "https://registry.yarnpkg.com/encoding/-/encoding-0.1.12.tgz#538b66f3ee62cd1ab51ec323829d1f9480c74beb"
    dependencies:
      iconv-lite "~0.4.13"
  
  express@~2.5.0:
    version "2.5.11"
    resolved "https://registry.yarnpkg.com/express/-/express-2.5.11.tgz#4ce8ea1f3635e69e49f0ebb497b6a4b0a51ce6f0"
    dependencies:
      connect "1.x"
      mime "1.2.4"
      mkdirp "0.3.0"
      qs "0.4.x"
  
  fbjs@^0.8.16, fbjs@^0.8.5:
    version "0.8.17"
    resolved "https://registry.yarnpkg.com/fbjs/-/fbjs-0.8.17.tgz#c4d598ead6949112653d6588b01a5cdcd9f90fdd"
    dependencies:
      core-js "^1.0.0"
      isomorphic-fetch "^2.1.1"
      loose-envify "^1.0.0"
      object-assign "^4.1.0"
      promise "^7.1.1"
      setimmediate "^1.0.5"
      ua-parser-js "^0.7.18"
  
  formidable@1.0.x:
    version "1.0.17"
    resolved "https://registry.yarnpkg.com/formidable/-/formidable-1.0.17.tgz#ef5491490f9433b705faa77249c99029ae348559"
  
  framer@^0.10.1:
    version "0.10.1"
    resolved "https://registry.yarnpkg.com/framer/-/framer-0.10.1.tgz#c543e0435f12971dc9c3cfab79c6f1f316261b6f"
  
  fs-minipass@^1.2.5:
    version "1.2.5"
    resolved "https://registry.yarnpkg.com/fs-minipass/-/fs-minipass-1.2.5.tgz#06c277218454ec288df77ada54a03b8702aacb9d"
    dependencies:
      minipass "^2.2.1"
  
  fs.realpath@^1.0.0:
    version "1.0.0"
    resolved "https://registry.yarnpkg.com/fs.realpath/-/fs.realpath-1.0.0.tgz#1504ad2523158caa40db4a2787cb01411994ea4f"
  
  gauge@~2.7.3:
    version "2.7.4"
    resolved "https://registry.yarnpkg.com/gauge/-/gauge-2.7.4.tgz#2c03405c7538c39d7eb37b317022e325fb018bf7"
    dependencies:
      aproba "^1.0.3"
      console-control-strings "^1.0.0"
      has-unicode "^2.0.0"
      object-assign "^4.1.0"
      signal-exit "^3.0.0"
      string-width "^1.0.1"
      strip-ansi "^3.0.1"
      wide-align "^1.1.0"
  
  glob@^7.0.5:
    version "7.1.3"
    resolved "https://registry.yarnpkg.com/glob/-/glob-7.1.3.tgz#3960832d3f1574108342dafd3a67b332c0969df1"
    dependencies:
      fs.realpath "^1.0.0"
      inflight "^1.0.4"
      inherits "2"
      minimatch "^3.0.4"
      once "^1.3.0"
      path-is-absolute "^1.0.0"
  
  has-flag@^1.0.0:
    version "1.0.0"
    resolved "https://registry.yarnpkg.com/has-flag/-/has-flag-1.0.0.tgz#9d9e793165ce017a00f00418c43f942a7b1d11fa"
  
  has-unicode@^2.0.0:
    version "2.0.1"
    resolved "https://registry.yarnpkg.com/has-unicode/-/has-unicode-2.0.1.tgz#e0e6fe6a28cf51138855e086d1691e771de2a8b9"
  
  hoist-non-react-statics@^2.5.0:
    version "2.5.5"
    resolved "https://registry.yarnpkg.com/hoist-non-react-statics/-/hoist-non-react-statics-2.5.5.tgz#c5903cf409c0dfd908f388e619d86b9c1174cb47"
  
  huviz@smurp/huviz#alpha:
    version "0.21.0"
    resolved "https://codeload.github.com/smurp/huviz/tar.gz/34ad0cf5ac6c7be08e097ab87782fed3c6f0e84a"
    dependencies:
      "@fnando/sparkline" "^0.3.10"
      async "~0.2.9"
      coffee-script "~1.7.1"
      components-jqueryui "git://github.com/components/jqueryui.git"
      eco "1.1.0-rc-1"
      express "~2.5.0"
      jquery "^1.10.1"
      jquery-simulate-ext "1.3.0"
      jsoutline "git://github.com/smurp/jsoutline.git"
      libxmljs "~0.18.7"
      marked "^0.3.5"
      nopt "~3.0.0"
      stitch "~0.3.3"
  
  iconv-lite@0.4, iconv-lite@^0.4.4, iconv-lite@~0.4.13:
    version "0.4.24"
    resolved "https://registry.yarnpkg.com/iconv-lite/-/iconv-lite-0.4.24.tgz#2022b4b25fbddc21d2f524974a474aafe733908b"
    dependencies:
      safer-buffer ">= 2.1.2 < 3"
  
  ieee754@^1.1.4:
    version "1.1.12"
    resolved "https://registry.yarnpkg.com/ieee754/-/ieee754-1.1.12.tgz#50bf24e5b9c8bb98af4964c941cdb0918da7b60b"
  
  ignore-walk@^3.0.1:
    version "3.0.1"
    resolved "https://registry.yarnpkg.com/ignore-walk/-/ignore-walk-3.0.1.tgz#a83e62e7d272ac0e3b551aaa82831a19b69f82f8"
    dependencies:
      minimatch "^3.0.4"
  
  inflight@^1.0.4:
    version "1.0.6"
    resolved "https://registry.yarnpkg.com/inflight/-/inflight-1.0.6.tgz#49bd6331d7d02d0c09bc910a1075ba8165b56df9"
    dependencies:
      once "^1.3.0"
      wrappy "1"
  
  inherits@2, inherits@~2.0.3:
    version "2.0.3"
    resolved "https://registry.yarnpkg.com/inherits/-/inherits-2.0.3.tgz#633c2c83e3da42a502f52466022480f4208261de"
  
  ini@~1.3.0:
    version "1.3.5"
    resolved "https://registry.yarnpkg.com/ini/-/ini-1.3.5.tgz#eee25f56db1c9ec6085e0c22778083f596abf927"
  
  is-fullwidth-code-point@^1.0.0:
    version "1.0.0"
    resolved "https://registry.yarnpkg.com/is-fullwidth-code-point/-/is-fullwidth-code-point-1.0.0.tgz#ef9e31386f031a7f0d643af82fde50c457ef00cb"
    dependencies:
      number-is-nan "^1.0.0"
  
  is-fullwidth-code-point@^2.0.0:
    version "2.0.0"
    resolved "https://registry.yarnpkg.com/is-fullwidth-code-point/-/is-fullwidth-code-point-2.0.0.tgz#a3b30a5c4f199183167aaab93beefae3ddfb654f"
  
  is-stream@^1.0.1:
    version "1.1.0"
    resolved "https://registry.yarnpkg.com/is-stream/-/is-stream-1.1.0.tgz#12d4a3dd4e68e0b79ceb8dbc84173ae80d91ca44"
  
  isarray@~1.0.0:
    version "1.0.0"
    resolved "https://registry.yarnpkg.com/isarray/-/isarray-1.0.0.tgz#bb935d48582cba168c06834957a54a3e07124f11"
  
  isomorphic-fetch@^2.1.1:
    version "2.2.1"
    resolved "https://registry.yarnpkg.com/isomorphic-fetch/-/isomorphic-fetch-2.2.1.tgz#611ae1acf14f5e81f729507472819fe9733558a9"
    dependencies:
      node-fetch "^1.0.1"
      whatwg-fetch ">=0.10.0"
  
  jquery-simulate-ext@1.3.0:
    version "1.3.0"
    resolved "https://registry.yarnpkg.com/jquery-simulate-ext/-/jquery-simulate-ext-1.3.0.tgz#934b5657e60a0eb56890ff85d0c57d9f5aa4231a"
  
  jquery@^1.10.1:
    version "1.12.4"
    resolved "https://registry.yarnpkg.com/jquery/-/jquery-1.12.4.tgz#01e1dfba290fe73deba77ceeacb0f9ba2fec9e0c"
  
  "js-tokens@^3.0.0 || ^4.0.0":
    version "4.0.0"
    resolved "https://registry.yarnpkg.com/js-tokens/-/js-tokens-4.0.0.tgz#19203fb59991df98e3a287050d4647cdeaf32499"
  
  "jsoutline@git://github.com/smurp/jsoutline.git":
    version "0.1.2"
    resolved "git://github.com/smurp/jsoutline.git#b116c9df224cae93951451b91c90858df954c61f"
  
  libxmljs@~0.18.7:
    version "0.18.8"
    resolved "https://registry.yarnpkg.com/libxmljs/-/libxmljs-0.18.8.tgz#b0a07512a01290b6240600d6c2bc33a3c70976d6"
    dependencies:
      bindings "^1.3.0"
      nan "~2.10.0"
      node-pre-gyp "^0.9.1"
  
  lodash@^4.17.10:
    version "4.17.11"
    resolved "https://registry.yarnpkg.com/lodash/-/lodash-4.17.11.tgz#b39ea6229ef607ecd89e2c8df12536891cac9b8d"
  
  loose-envify@^1.0.0, loose-envify@^1.1.0, loose-envify@^1.3.1:
    version "1.4.0"
    resolved "https://registry.yarnpkg.com/loose-envify/-/loose-envify-1.4.0.tgz#71ee51fa7be4caec1a63839f7e682d8132d30caf"
    dependencies:
      js-tokens "^3.0.0 || ^4.0.0"
  
  marked@^0.3.5:
    version "0.3.19"
    resolved "https://registry.yarnpkg.com/marked/-/marked-0.3.19.tgz#5d47f709c4c9fc3c216b6d46127280f40b39d790"
  
  mime@1.2.4:
    version "1.2.4"
    resolved "https://registry.yarnpkg.com/mime/-/mime-1.2.4.tgz#11b5fdaf29c2509255176b80ad520294f5de92b7"
  
  "mime@>= 0.0.1":
    version "2.4.0"
    resolved "https://registry.yarnpkg.com/mime/-/mime-2.4.0.tgz#e051fd881358585f3279df333fe694da0bcffdd6"
  
  minimatch@^3.0.4:
    version "3.0.4"
    resolved "https://registry.yarnpkg.com/minimatch/-/minimatch-3.0.4.tgz#5166e286457f03306064be5497e8dbb0c3d32083"
    dependencies:
      brace-expansion "^1.1.7"
  
  minimist@0.0.8:
    version "0.0.8"
    resolved "https://registry.yarnpkg.com/minimist/-/minimist-0.0.8.tgz#857fcabfc3397d2625b8228262e86aa7a011b05d"
  
  minimist@^1.2.0:
    version "1.2.0"
    resolved "https://registry.yarnpkg.com/minimist/-/minimist-1.2.0.tgz#a35008b20f41383eec1fb914f4cd5df79a264284"
  
  minipass@^2.2.1, minipass@^2.3.4:
    version "2.3.5"
    resolved "https://registry.yarnpkg.com/minipass/-/minipass-2.3.5.tgz#cacebe492022497f656b0f0f51e2682a9ed2d848"
    dependencies:
      safe-buffer "^5.1.2"
      yallist "^3.0.0"
  
  minizlib@^1.1.1:
    version "1.2.1"
    resolved "https://registry.yarnpkg.com/minizlib/-/minizlib-1.2.1.tgz#dd27ea6136243c7c880684e8672bb3a45fd9b614"
    dependencies:
      minipass "^2.2.1"
  
  mkdirp@0.3.0:
    version "0.3.0"
    resolved "https://registry.yarnpkg.com/mkdirp/-/mkdirp-0.3.0.tgz#1bbf5ab1ba827af23575143490426455f481fe1e"
  
  mkdirp@^0.5.0, mkdirp@^0.5.1:
    version "0.5.1"
    resolved "https://registry.yarnpkg.com/mkdirp/-/mkdirp-0.5.1.tgz#30057438eac6cf7f8c4767f38648d6697d75c903"
    dependencies:
      minimist "0.0.8"
  
  mkdirp@~0.3.5:
    version "0.3.5"
    resolved "https://registry.yarnpkg.com/mkdirp/-/mkdirp-0.3.5.tgz#de3e5f8961c88c787ee1368df849ac4413eca8d7"
  
  moment@2.22.2:
    version "2.22.2"
    resolved "https://registry.yarnpkg.com/moment/-/moment-2.22.2.tgz#3c257f9839fc0e93ff53149632239eb90783ff66"
  
  ms@2.0.0:
    version "2.0.0"
    resolved "https://registry.yarnpkg.com/ms/-/ms-2.0.0.tgz#5608aeadfc00be6c2901df5f9861788de0d597c8"
  
  nan@~2.10.0:
    version "2.10.0"
    resolved "https://registry.yarnpkg.com/nan/-/nan-2.10.0.tgz#96d0cd610ebd58d4b4de9cc0c6828cda99c7548f"
  
  needle@^2.2.0:
    version "2.2.4"
    resolved "https://registry.yarnpkg.com/needle/-/needle-2.2.4.tgz#51931bff82533b1928b7d1d69e01f1b00ffd2a4e"
    dependencies:
      debug "^2.1.2"
      iconv-lite "^0.4.4"
      sax "^1.2.4"
  
  node-fetch@^1.0.1:
    version "1.7.3"
    resolved "https://registry.yarnpkg.com/node-fetch/-/node-fetch-1.7.3.tgz#980f6f72d85211a5347c6b2bc18c5b84c3eb47ef"
    dependencies:
      encoding "^0.1.11"
      is-stream "^1.0.1"
  
  node-pre-gyp@^0.9.1:
    version "0.9.1"
    resolved "https://registry.yarnpkg.com/node-pre-gyp/-/node-pre-gyp-0.9.1.tgz#f11c07516dd92f87199dbc7e1838eab7cd56c9e0"
    dependencies:
      detect-libc "^1.0.2"
      mkdirp "^0.5.1"
      needle "^2.2.0"
      nopt "^4.0.1"
      npm-packlist "^1.1.6"
      npmlog "^4.0.2"
      rc "^1.1.7"
      rimraf "^2.6.1"
      semver "^5.3.0"
      tar "^4"
  
  nopt@^4.0.1:
    version "4.0.1"
    resolved "https://registry.yarnpkg.com/nopt/-/nopt-4.0.1.tgz#d0d4685afd5415193c8c7505602d0d17cd64474d"
    dependencies:
      abbrev "1"
      osenv "^0.1.4"
  
  nopt@~3.0.0:
    version "3.0.6"
    resolved "https://registry.yarnpkg.com/nopt/-/nopt-3.0.6.tgz#c6465dbf08abcd4db359317f79ac68a646b28ff9"
    dependencies:
      abbrev "1"
  
  npm-bundled@^1.0.1:
    version "1.0.5"
    resolved "https://registry.yarnpkg.com/npm-bundled/-/npm-bundled-1.0.5.tgz#3c1732b7ba936b3a10325aef616467c0ccbcc979"
  
  npm-packlist@^1.1.6:
    version "1.1.12"
    resolved "https://registry.yarnpkg.com/npm-packlist/-/npm-packlist-1.1.12.tgz#22bde2ebc12e72ca482abd67afc51eb49377243a"
    dependencies:
      ignore-walk "^3.0.1"
      npm-bundled "^1.0.1"
  
  npmlog@^4.0.2:
    version "4.1.2"
    resolved "https://registry.yarnpkg.com/npmlog/-/npmlog-4.1.2.tgz#08a7f2a8bf734604779a9efa4ad5cc717abb954b"
    dependencies:
      are-we-there-yet "~1.1.2"
      console-control-strings "~1.1.0"
      gauge "~2.7.3"
      set-blocking "~2.0.0"
  
  number-is-nan@^1.0.0:
    version "1.0.1"
    resolved "https://registry.yarnpkg.com/number-is-nan/-/number-is-nan-1.0.1.tgz#097b602b53422a522c1afb8790318336941a011d"
  
  object-assign@^4.1.0, object-assign@^4.1.1:
    version "4.1.1"
    resolved "https://registry.yarnpkg.com/object-assign/-/object-assign-4.1.1.tgz#2109adc7965887cfc05cbbd442cac8bfbb360863"
  
  once@^1.3.0:
    version "1.4.0"
    resolved "https://registry.yarnpkg.com/once/-/once-1.4.0.tgz#583b1aa775961d4b113ac17d9c50baef9dd76bd1"
    dependencies:
      wrappy "1"
  
  os-homedir@^1.0.0:
    version "1.0.2"
    resolved "https://registry.yarnpkg.com/os-homedir/-/os-homedir-1.0.2.tgz#ffbc4988336e0e833de0c168c7ef152121aa7fb3"
  
  os-tmpdir@^1.0.0:
    version "1.0.2"
    resolved "https://registry.yarnpkg.com/os-tmpdir/-/os-tmpdir-1.0.2.tgz#bbe67406c79aa85c5cfec766fe5734555dfa1274"
  
  osenv@^0.1.4:
    version "0.1.5"
    resolved "https://registry.yarnpkg.com/osenv/-/osenv-0.1.5.tgz#85cdfafaeb28e8677f416e287592b5f3f49ea410"
    dependencies:
      os-homedir "^1.0.0"
      os-tmpdir "^1.0.0"
  
  path-is-absolute@^1.0.0:
    version "1.0.1"
    resolved "https://registry.yarnpkg.com/path-is-absolute/-/path-is-absolute-1.0.1.tgz#174b9268735534ffbc7ace6bf53a5a9e1b5c5f5f"
  
  postcss-value-parser@^3.3.0:
    version "3.3.1"
    resolved "https://registry.yarnpkg.com/postcss-value-parser/-/postcss-value-parser-3.3.1.tgz#9ff822547e2893213cf1c30efa51ac5fd1ba8281"
  
  process-nextick-args@~2.0.0:
    version "2.0.0"
    resolved "https://registry.yarnpkg.com/process-nextick-args/-/process-nextick-args-2.0.0.tgz#a37d732f4271b4ab1ad070d35508e8290788ffaa"
  
  promise@^7.1.1:
    version "7.3.1"
    resolved "https://registry.yarnpkg.com/promise/-/promise-7.3.1.tgz#064b72602b18f90f29192b8b1bc418ffd1ebd3bf"
    dependencies:
      asap "~2.0.3"
  
  prop-types@^15.5.4, prop-types@^15.6.1, prop-types@^15.6.2:
    version "15.6.2"
    resolved "https://registry.yarnpkg.com/prop-types/-/prop-types-15.6.2.tgz#05d5ca77b4453e985d60fc7ff8c859094a497102"
    dependencies:
      loose-envify "^1.3.1"
      object-assign "^4.1.1"
  
  qs@0.4.x:
    version "0.4.2"
    resolved "https://registry.yarnpkg.com/qs/-/qs-0.4.2.tgz#3cac4c861e371a8c9c4770ac23cda8de639b8e5f"
  
  "qs@>= 0.4.0":
    version "6.6.0"
    resolved "https://registry.yarnpkg.com/qs/-/qs-6.6.0.tgz#a99c0f69a8d26bf7ef012f871cdabb0aee4424c2"
  
  rc@^1.1.7:
    version "1.2.8"
    resolved "https://registry.yarnpkg.com/rc/-/rc-1.2.8.tgz#cd924bf5200a075b83c188cd6b9e211b7fc0d3ed"
    dependencies:
      deep-extend "^0.6.0"
      ini "~1.3.0"
      minimist "^1.2.0"
      strip-json-comments "~2.0.1"
  
  "react-diversus-flower@file:../../../../Desktop/Prototype Framer/Prototype Framer/react-diversus-flower":
    version "0.0.1"
    dependencies:
      d3 "^5.7.0"
      huviz smurp/huviz#alpha
  
  react-is@^16.3.1:
    version "16.6.3"
    resolved "https://registry.yarnpkg.com/react-is/-/react-is-16.6.3.tgz#d2d7462fcfcbe6ec0da56ad69047e47e56e7eac0"
  
  react-moment@0.8.1:
    version "0.8.1"
    resolved "https://registry.yarnpkg.com/react-moment/-/react-moment-0.8.1.tgz#0f60604752fdfa1811d8ebe04ec339d897c9d085"
  
  react@^16.3.0, react@^16.3.2:
    version "16.6.3"
    resolved "https://registry.yarnpkg.com/react/-/react-16.6.3.tgz#25d77c91911d6bbdd23db41e70fb094cc1e0871c"
    dependencies:
      loose-envify "^1.1.0"
      object-assign "^4.1.1"
      prop-types "^15.6.2"
      scheduler "^0.11.2"
  
  readable-stream@^2.0.6:
    version "2.3.6"
    resolved "https://registry.yarnpkg.com/readable-stream/-/readable-stream-2.3.6.tgz#b11c27d88b8ff1fbe070643cf94b0c79ae1b0aaf"
    dependencies:
      core-util-is "~1.0.0"
      inherits "~2.0.3"
      isarray "~1.0.0"
      process-nextick-args "~2.0.0"
      safe-buffer "~5.1.1"
      string_decoder "~1.1.1"
      util-deprecate "~1.0.1"
  
  rimraf@^2.6.1:
    version "2.6.2"
    resolved "https://registry.yarnpkg.com/rimraf/-/rimraf-2.6.2.tgz#2ed8150d24a16ea8651e6d6ef0f47c4158ce7a36"
    dependencies:
      glob "^7.0.5"
  
  rw@1:
    version "1.3.3"
    resolved "https://registry.yarnpkg.com/rw/-/rw-1.3.3.tgz#3f862dfa91ab766b14885ef4d01124bfda074fb4"
  
  safe-buffer@^5.1.2, safe-buffer@~5.1.0, safe-buffer@~5.1.1:
    version "5.1.2"
    resolved "https://registry.yarnpkg.com/safe-buffer/-/safe-buffer-5.1.2.tgz#991ec69d296e0313747d59bdfd2b745c35f8828d"
  
  "safer-buffer@>= 2.1.2 < 3":
    version "2.1.2"
    resolved "https://registry.yarnpkg.com/safer-buffer/-/safer-buffer-2.1.2.tgz#44fa161b0187b9549dd84bb91802f9bd8385cd6a"
  
  sax@^1.2.4:
    version "1.2.4"
    resolved "https://registry.yarnpkg.com/sax/-/sax-1.2.4.tgz#2816234e2378bddc4e5354fab5caa895df7100d9"
  
  scheduler@^0.11.2:
    version "0.11.2"
    resolved "https://registry.yarnpkg.com/scheduler/-/scheduler-0.11.2.tgz#a8db5399d06eba5abac51b705b7151d2319d33d3"
    dependencies:
      loose-envify "^1.1.0"
      object-assign "^4.1.1"
  
  semver@^5.3.0:
    version "5.6.0"
    resolved "https://registry.yarnpkg.com/semver/-/semver-5.6.0.tgz#7e74256fbaa49c75aa7c7a205cc22799cac80004"
  
  set-blocking@~2.0.0:
    version "2.0.0"
    resolved "https://registry.yarnpkg.com/set-blocking/-/set-blocking-2.0.0.tgz#045f9782d011ae9a6803ddd382b24392b3d890f7"
  
  setimmediate@^1.0.5:
    version "1.0.5"
    resolved "https://registry.yarnpkg.com/setimmediate/-/setimmediate-1.0.5.tgz#290cbb232e306942d7d7ea9b83732ab7856f8285"
  
  signal-exit@^3.0.0:
    version "3.0.2"
    resolved "https://registry.yarnpkg.com/signal-exit/-/signal-exit-3.0.2.tgz#b5fdc08f1287ea1178628e415e25132b73646c6d"
  
  stitch@~0.3.3:
    version "0.3.3"
    resolved "https://registry.yarnpkg.com/stitch/-/stitch-0.3.3.tgz#a52f0d7f623a4c0cb7cccd494a71b61af3f2c0cb"
    dependencies:
      async ">=0.1.15"
      underscore ">=1.1.3"
  
  string-width@^1.0.1:
    version "1.0.2"
    resolved "https://registry.yarnpkg.com/string-width/-/string-width-1.0.2.tgz#118bdf5b8cdc51a2a7e70d211e07e2b0b9b107d3"
    dependencies:
      code-point-at "^1.0.0"
      is-fullwidth-code-point "^1.0.0"
      strip-ansi "^3.0.0"
  
  "string-width@^1.0.2 || 2":
    version "2.1.1"
    resolved "https://registry.yarnpkg.com/string-width/-/string-width-2.1.1.tgz#ab93f27a8dc13d28cac815c462143a6d9012ae9e"
    dependencies:
      is-fullwidth-code-point "^2.0.0"
      strip-ansi "^4.0.0"
  
  string_decoder@~1.1.1:
    version "1.1.1"
    resolved "https://registry.yarnpkg.com/string_decoder/-/string_decoder-1.1.1.tgz#9cf1611ba62685d7030ae9e4ba34149c3af03fc8"
    dependencies:
      safe-buffer "~5.1.0"
  
  strip-ansi@^3.0.0, strip-ansi@^3.0.1:
    version "3.0.1"
    resolved "http://registry.npmjs.org/strip-ansi/-/strip-ansi-3.0.1.tgz#6a385fb8853d952d5ff05d0e8aaf94278dc63dcf"
    dependencies:
      ansi-regex "^2.0.0"
  
  strip-ansi@^4.0.0:
    version "4.0.0"
    resolved "https://registry.yarnpkg.com/strip-ansi/-/strip-ansi-4.0.0.tgz#a8479022eb1ac368a871389b635262c505ee368f"
    dependencies:
      ansi-regex "^3.0.0"
  
  strip-json-comments@~2.0.1:
    version "2.0.1"
    resolved "https://registry.yarnpkg.com/strip-json-comments/-/strip-json-comments-2.0.1.tgz#3c531942e908c2697c0ec344858c286c7ca0a60a"
  
  strscan@>=1.0.1:
    version "1.0.1"
    resolved "https://registry.yarnpkg.com/strscan/-/strscan-1.0.1.tgz#472d9bc00c68e906ef2fc22cdf762be7c61acc4d"
  
  styled-components@^3.4.5:
    version "3.4.10"
    resolved "https://registry.yarnpkg.com/styled-components/-/styled-components-3.4.10.tgz#9a654c50ea2b516c36ade57ddcfa296bf85c96e1"
    dependencies:
      buffer "^5.0.3"
      css-to-react-native "^2.0.3"
      fbjs "^0.8.16"
      hoist-non-react-statics "^2.5.0"
      prop-types "^15.5.4"
      react-is "^16.3.1"
      stylis "^3.5.0"
      stylis-rule-sheet "^0.0.10"
      supports-color "^3.2.3"
  
  styled@^1.0.0:
    version "1.0.0"
    resolved "https://registry.yarnpkg.com/styled/-/styled-1.0.0.tgz#4b4ff3b5df061016870abfd7177ff6916eaedc60"
  
  stylis-rule-sheet@^0.0.10:
    version "0.0.10"
    resolved "https://registry.yarnpkg.com/stylis-rule-sheet/-/stylis-rule-sheet-0.0.10.tgz#44e64a2b076643f4b52e5ff71efc04d8c3c4a430"
  
  stylis@^3.5.0:
    version "3.5.4"
    resolved "https://registry.yarnpkg.com/stylis/-/stylis-3.5.4.tgz#f665f25f5e299cf3d64654ab949a57c768b73fbe"
  
  supports-color@^3.2.3:
    version "3.2.3"
    resolved "https://registry.yarnpkg.com/supports-color/-/supports-color-3.2.3.tgz#65ac0504b3954171d8a64946b2ae3cbb8a5f54f6"
    dependencies:
      has-flag "^1.0.0"
  
  tar@^4:
    version "4.4.8"
    resolved "https://registry.yarnpkg.com/tar/-/tar-4.4.8.tgz#b19eec3fde2a96e64666df9fdb40c5ca1bc3747d"
    dependencies:
      chownr "^1.1.1"
      fs-minipass "^1.2.5"
      minipass "^2.3.4"
      minizlib "^1.1.1"
      mkdirp "^0.5.0"
      safe-buffer "^5.1.2"
      yallist "^3.0.2"
  
  ua-parser-js@^0.7.18:
    version "0.7.19"
    resolved "https://registry.yarnpkg.com/ua-parser-js/-/ua-parser-js-0.7.19.tgz#94151be4c0a7fb1d001af7022fdaca4642659e4b"
  
  underscore@>=1.1.3:
    version "1.9.1"
    resolved "https://registry.yarnpkg.com/underscore/-/underscore-1.9.1.tgz#06dce34a0e68a7babc29b365b8e74b8925203961"
  
  util-deprecate@~1.0.1:
    version "1.0.2"
    resolved "https://registry.yarnpkg.com/util-deprecate/-/util-deprecate-1.0.2.tgz#450d4dc9fa70de732762fbd2d4a28981419a0ccf"
  
  whatwg-fetch@>=0.10.0:
    version "3.0.0"
    resolved "https://registry.yarnpkg.com/whatwg-fetch/-/whatwg-fetch-3.0.0.tgz#fc804e458cc460009b1a2b966bc8817d2578aefb"
  
  wide-align@^1.1.0:
    version "1.1.3"
    resolved "https://registry.yarnpkg.com/wide-align/-/wide-align-1.1.3.tgz#ae074e6bdc0c14a431e804e624549c633b000457"
    dependencies:
      string-width "^1.0.2 || 2"
  
  wrappy@1:
    version "1.0.2"
    resolved "https://registry.yarnpkg.com/wrappy/-/wrappy-1.0.2.tgz#b5243d8f3ec1aa35f1364605bc0d1036e30ab69f"
  
  yallist@^3.0.0, yallist@^3.0.2:
    version "3.0.3"
    resolved "https://registry.yarnpkg.com/yallist/-/yallist-3.0.3.tgz#b4b049e314be545e3ce802236d6cd22cd91c3de9"
